<?xml version="1.0" encoding="UTF-8"?>
<testsuite xmlns:xsi="http://www.w3.org/2001/XMLSchema-instance" xsi:noNamespaceSchemaLocation="https://maven.apache.org/surefire/maven-surefire-plugin/xsd/surefire-test-report.xsd" name="yelp.TestRunner" time="3.278" tests="1" errors="0" skipped="0" failures="1">
  <properties>
[...]
</properties>
  <testcase name="testParallel" classname="yelp.TestRunner" time="3.275">
    <failure message="failed features:&#10;yelp.query.get-business: get-business.feature:23 - path: $.data.business.name, actual: &apos;Garaje&apos;, expected: &apos;Garajehfjhsfdhk&apos;, reason: not equal&#10; ==&gt; expected: &lt;0&gt; but was: &lt;1&gt;" type="org.opentest4j.AssertionFailedError"><![CDATA[org.opentest4j.AssertionFailedError: 
failed features:
yelp.query.get-business: get-business.feature:23 - path: $.data.business.name, actual: 'Garaje', expected: 'Garajehfjhsfdhk', reason: not equal
 ==> expected: <0> but was: <1>
	at yelp.TestRunner.testParallel(TestRunner.java:21)
]]></failure>
    <system-out><![CDATA[10:40:43.018 [main] INFO  com.intuit.karate.Runner - waiting for parallel features to complete ...
10:40:43.401 [ForkJoinPool-1-worker-0] DEBUG com.intuit.karate - request:
1 > POST https://api.yelp.com/v3/graphql
1 > Accept-Encoding: gzip,deflate
1 > Authorization: Bearer 5_nPFBUTmvLfrcBDBDz3JvpXc1zllnvgD6w3JBCQjN09_KV1q-I4iFrMLTuEtUlLj7QCAZkDnVfl47FgJEbSVBM8gQbpDjon-lz27yHXc1XwXGzQTv5isrK_dSI-X3Yx
1 > Connection: Keep-Alive
1 > Content-Length: 447
1 > Content-Type: application/json; charset=UTF-8
1 > Host: api.yelp.com
1 > User-Agent: Apache-HttpClient/4.5.11 (Java/1.8.0_222)
{"query":"{\n search(term: \"burrito\", location: \"cork\" limit: 2) {\n     total\n         business {\n             name\n             rating\n             location {\n                 address1\n                 city\n                 state\n                 country\n             }\n         reviews(limit: 1) {\n             text\n             rating\n             user {\n                 name\n             }\n         }\n     }\n }\n    }"}

10:40:43.401 [ForkJoinPool-1-worker-1] DEBUG com.intuit.karate - request:
1 > POST https://api.yelp.com/v3/graphql
1 > Accept-Encoding: gzip,deflate
1 > Authorization: Bearer 5_nPFBUTmvLfrcBDBDz3JvpXc1zllnvgD6w3JBCQjN09_KV1q-I4iFrMLTuEtUlLj7QCAZkDnVfl47FgJEbSVBM8gQbpDjon-lz27yHXc1XwXGzQTv5isrK_dSI-X3Yx
1 > Connection: Keep-Alive
1 > Content-Length: 102
1 > Content-Type: application/json; charset=UTF-8
1 > Host: api.yelp.com
1 > User-Agent: Apache-HttpClient/4.5.11 (Java/1.8.0_222)
{"query":"{\n  business(id: \"garaje-san-francisco\"){\n    name\n    id\n    alias\n    url\n  }\n}"}

10:40:44.054 [ForkJoinPool-1-worker-1] DEBUG com.intuit.karate - response time in milliseconds: 649.55
1 < 200
1 < Accept-Ranges: bytes
1 < Connection: keep-alive
1 < Date: Thu, 27 Aug 2020 09:40:44 GMT
1 < Vary: Accept-Encoding
1 < Via: 1.1 varnish
1 < X-Cache: MISS
1 < X-Cache-Hits: 0
1 < X-Served-By: cache-dub4332-DUB
1 < content-type: application/json
1 < server: openresty/1.13.6.2
1 < transfer-encoding: chunked
1 < x-b3-sampled: 0
1 < x-extlb: 10-65-64-83-useast1aprod
1 < x-proxied: 10-65-64-83-useast1aprod
1 < x-routing-service: routing-main--useast1-5bcb54c99f-mtp8t; site=public_api_v3
1 < x-zipkin-id: 2b0050eb8aa97bea
{"data":{"business":{"name":"Garaje","id":"tnhfDv5Il8EaGSXZGiuQGg","alias":"garaje-san-francisco","url":"https://www.yelp.com/biz/garaje-san-francisco?adjust_creative=6AbCaexLqwnJsHqFj_HZBQ&utm_campaign=yelp_api_v3&utm_medium=api_v3_graphql&utm_source=6AbCaexLqwnJsHqFj_HZBQ"}}}

10:40:44.056 [ForkJoinPool-1-worker-1] ERROR com.intuit.karate - assertion failed: path: $.data.business.name, actual: 'Garaje', expected: 'Garajehfjhsfdhk', reason: not equal
10:40:44.066 [ForkJoinPool-1-worker-1] DEBUG com.intuit.karate - request:
1 > POST https://api.yelp.com/v3/graphql
1 > Accept-Encoding: gzip,deflate
1 > Authorization: Bearer 5_nPFBUTmvLfrcBDBDz3JvpXc1zllnvgD6w3JBCQjN09_KV1q-I4iFrMLTuEtUlLj7QCAZkDnVfl47FgJEbSVBM8gQbpDjon-lz27yHXc1XwXGzQTv5isrK_dSI-X3Yx
1 > Connection: Keep-Alive
1 > Content-Length: 75
1 > Content-Type: application/json; charset=UTF-8
1 > Host: api.yelp.com
1 > User-Agent: Apache-HttpClient/4.5.11 (Java/1.8.0_222)
{"query":"{\n  business(id: \"garaje-san-francisco\"){\n    alias\n  }\n}"}

10:40:44.302 [ForkJoinPool-1-worker-0] DEBUG com.intuit.karate - response time in milliseconds: 898.94
1 < 200
1 < Accept-Ranges: bytes
1 < Connection: keep-alive
1 < Date: Thu, 27 Aug 2020 09:40:44 GMT
1 < Vary: Accept-Encoding
1 < Via: 1.1 varnish
1 < X-Cache: MISS
1 < X-Cache-Hits: 0
1 < X-Served-By: cache-dub4336-DUB
1 < content-type: application/json
1 < server: openresty/1.13.6.2
1 < transfer-encoding: chunked
1 < x-b3-sampled: 0
1 < x-extlb: 10-65-66-213-useast1aprod
1 < x-proxied: 10-65-66-213-useast1aprod
1 < x-routing-service: routing-main--useast1-5bcb54c99f-7g297; site=public_api_v3
1 < x-zipkin-id: d5cccefdb8bb3fe2
{"data":{"search":{"total":3,"business":[{"name":"La Calavera","rating":4.0,"location":{"address1":"4 Douglas West","city":"Cork","state":"CO","country":"IE"},"reviews":[{"text":"Saw the sign up for La Calavera for a couple months and was waiting for it to open- now it's here.\n\nWent for a first try tonight and found tasty...","rating":4,"user":{"name":"Daniel P."}}]},{"name":"Brendan's Veggie Burritos and Burgers","rating":4.0,"location":{"address1":"Patrick Street","city":"Cork","state":"CO","country":"IE"},"reviews":[{"text":"BRENDAN'S VEGGIES BURRITOS and BURGERS\nFast (well, fairly fast) Food stalls did a roaring trade during the weekend Jazz festival. I found myself in the...","rating":4,"user":{"name":"cork"}}]}]}}}

10:40:44.312 [ForkJoinPool-1-worker-0] DEBUG com.intuit.karate - request:
1 > POST https://api.yelp.com/v3/graphql
1 > Accept-Encoding: gzip,deflate
1 > Authorization: Bearer 5_nPFBUTmvLfrcBDBDz3JvpXc1zllnvgD6w3JBCQjN09_KV1q-I4iFrMLTuEtUlLj7QCAZkDnVfl47FgJEbSVBM8gQbpDjon-lz27yHXc1XwXGzQTv5isrK_dSI-X3Yx
1 > Connection: Keep-Alive
1 > Content-Length: 73
1 > Content-Type: application/json; charset=UTF-8
1 > Host: api.yelp.com
1 > User-Agent: Apache-HttpClient/4.5.11 (Java/1.8.0_222)
{"query":"{\n  business(id: \"garaje-san-francisco\"){\n    url\n  }\n}"}

10:40:44.360 [ForkJoinPool-1-worker-1] DEBUG com.intuit.karate - response time in milliseconds: 293.53
1 < 200
1 < Accept-Ranges: bytes
1 < Connection: keep-alive
1 < Date: Thu, 27 Aug 2020 09:40:44 GMT
1 < Vary: Accept-Encoding
1 < Via: 1.1 varnish
1 < X-Cache: MISS
1 < X-Cache-Hits: 0
1 < X-Served-By: cache-dub4343-DUB
1 < content-type: application/json
1 < server: openresty/1.13.6.2
1 < transfer-encoding: chunked
1 < x-b3-sampled: 0
1 < x-extlb: 10-65-72-168-useast1aprod
1 < x-proxied: 10-65-72-168-useast1aprod
1 < x-routing-service: routing-main--useast1-5bcb54c99f-knh68; site=public_api_v3
1 < x-zipkin-id: 7499a942d6f71c6b
{"data":{"business":{"alias":"garaje-san-francisco"}}}

10:40:44.367 [ForkJoinPool-1-worker-1] DEBUG com.intuit.karate - request:
1 > POST https://api.yelp.com/v3/graphql
1 > Accept-Encoding: gzip,deflate
1 > Authorization: Bearer 5_nPFBUTmvLfrcBDBDz3JvpXc1zllnvgD6w3JBCQjN09_KV1q-I4iFrMLTuEtUlLj7QCAZkDnVfl47FgJEbSVBM8gQbpDjon-lz27yHXc1XwXGzQTv5isrK_dSI-X3Yx
1 > Connection: Keep-Alive
1 > Content-Length: 80
1 > Content-Type: application/json; charset=UTF-8
1 > Host: api.yelp.com
1 > User-Agent: Apache-HttpClient/4.5.11 (Java/1.8.0_222)
{"query":"{\n  business(id: \"garaje-san-francisco\"){\n    is_claimed\n  }\n}"}

10:40:44.572 [ForkJoinPool-1-worker-0] DEBUG com.intuit.karate - response time in milliseconds: 258.78
1 < 200
1 < Accept-Ranges: bytes
1 < Connection: keep-alive
1 < Date: Thu, 27 Aug 2020 09:40:44 GMT
1 < Vary: Accept-Encoding
1 < Via: 1.1 varnish
1 < X-Cache: MISS
1 < X-Cache-Hits: 0
1 < X-Served-By: cache-dub4327-DUB
1 < content-type: application/json
1 < server: openresty/1.13.6.2
1 < transfer-encoding: chunked
1 < x-b3-sampled: 0
1 < x-extlb: 10-65-64-83-useast1aprod
1 < x-proxied: 10-65-64-83-useast1aprod
1 < x-routing-service: routing-main--useast1-5bcb54c99f-knh68; site=public_api_v3
1 < x-zipkin-id: c793c939b07871f7
{"data":{"business":{"url":"https://www.yelp.com/biz/garaje-san-francisco?adjust_creative=6AbCaexLqwnJsHqFj_HZBQ&utm_campaign=yelp_api_v3&utm_medium=api_v3_graphql&utm_source=6AbCaexLqwnJsHqFj_HZBQ"}}}

10:40:44.579 [ForkJoinPool-1-worker-0] DEBUG com.intuit.karate - request:
1 > POST https://api.yelp.com/v3/graphql
1 > Accept-Encoding: gzip,deflate
1 > Authorization: Bearer 5_nPFBUTmvLfrcBDBDz3JvpXc1zllnvgD6w3JBCQjN09_KV1q-I4iFrMLTuEtUlLj7QCAZkDnVfl47FgJEbSVBM8gQbpDjon-lz27yHXc1XwXGzQTv5isrK_dSI-X3Yx
1 > Connection: Keep-Alive
1 > Content-Length: 76
1 > Content-Type: application/json; charset=UTF-8
1 > Host: api.yelp.com
1 > User-Agent: Apache-HttpClient/4.5.11 (Java/1.8.0_222)
{"query":"{\n  business(id: \"garaje-san-francisco\"){\n    rating\n  }\n}"}

10:40:44.636 [ForkJoinPool-1-worker-1] DEBUG com.intuit.karate - response time in milliseconds: 268.19
1 < 200
1 < Accept-Ranges: bytes
1 < Connection: keep-alive
1 < Date: Thu, 27 Aug 2020 09:40:44 GMT
1 < Vary: Accept-Encoding
1 < Via: 1.1 varnish
1 < X-Cache: MISS
1 < X-Cache-Hits: 0
1 < X-Served-By: cache-dub4327-DUB
1 < content-type: application/json
1 < server: openresty/1.13.6.2
1 < transfer-encoding: chunked
1 < x-b3-sampled: 0
1 < x-extlb: 10-65-190-208-useast1bprod
1 < x-proxied: 10-65-190-208-useast1bprod
1 < x-routing-service: routing-main--useast1-5bcb54c99f-5sr4s; site=public_api_v3
1 < x-zipkin-id: 86f038c0298ca249
{"data":{"business":{"is_claimed":true}}}

10:40:44.830 [ForkJoinPool-1-worker-0] DEBUG com.intuit.karate - response time in milliseconds: 250.06
1 < 200
1 < Accept-Ranges: bytes
1 < Connection: keep-alive
1 < Date: Thu, 27 Aug 2020 09:40:44 GMT
1 < Vary: Accept-Encoding
1 < Via: 1.1 varnish
1 < X-Cache: MISS
1 < X-Cache-Hits: 0
1 < X-Served-By: cache-dub4348-DUB
1 < content-type: application/json
1 < server: openresty/1.13.6.2
1 < transfer-encoding: chunked
1 < x-b3-sampled: 0
1 < x-extlb: 10-65-66-213-useast1aprod
1 < x-proxied: 10-65-66-213-useast1aprod
1 < x-routing-service: routing-main--useast1-5bcb54c99f-thbg9; site=public_api_v3
1 < x-zipkin-id: 108d7590a09eff68
{"data":{"business":{"rating":4.5}}}

10:40:44.875 [pool-1-thread-1] INFO  com.intuit.karate.Runner - <<fail>> feature 1 of 1: classpath:yelp/query/get-business.feature
---------------------------------------------------------
feature: classpath:yelp/query/get-business.feature
report: target/surefire-reports/yelp.query.get-business.json
scenarios:  6 | passed:  5 | failed:  1 | time: 2.9808
---------------------------------------------------------
Karate version: 0.9.5
======================================================
elapsed:   2.28 | threads:    2 | thread time: 2.98 
features:     1 | ignored:    0 | efficiency: 0.65
scenarios:    6 | passed:     5 | failed: 1
======================================================
failed features:
yelp.query.get-business: get-business.feature:23 - path: $.data.business.name, actual: 'Garaje', expected: 'Garajehfjhsfdhk', reason: not equal

]]></system-out>
    <system-err><![CDATA[SLF4J: Class path contains multiple SLF4J bindings.
SLF4J: Found binding in [jar:file:/Users/smeehan/.m2/repository/ch/qos/logback/logback-classic/1.2.3/logback-classic-1.2.3.jar!/org/slf4j/impl/StaticLoggerBinder.class]
SLF4J: Found binding in [jar:file:/Users/smeehan/.m2/repository/org/slf4j/slf4j-jdk14/1.5.3/slf4j-jdk14-1.5.3.jar!/org/slf4j/impl/StaticLoggerBinder.class]
SLF4J: See http://www.slf4j.org/codes.html#multiple_bindings for an explanation.
SLF4J: Actual binding is of type [ch.qos.logback.classic.util.ContextSelectorStaticBinder]
Aug 27, 2020 10:40:45 AM net.masterthought.cucumber.ReportParser parseJsonFiles
INFO: File '/Users/smeehan/code/yelpGraphQL/target/surefire-reports/yelp.query.get-business.json' contains 1 features
]]></system-err>
  </testcase>
</testsuite>