<testsuite failures="1" name="yelp/query/get-business.feature" skipped="0" tests="6" time="2.980753">
  <testcase classname="yelp.query.get-business" name="query for a business by id" time="0.824624">
    <failure message="get-business.feature:23 - path: $.data.business.name, actual: 'Garaje', expected: 'Garajehfjhsfdhk', reason: not equal">* url host ................................................................ passed
* header Authorization = 'Bearer '+apiKey ................................. passed
Given text query = ........................................................ passed
And request { query: '#(query)' } ......................................... passed
When method post .......................................................... passed
Then status 200 ........................................................... passed
Then match response == .................................................... failed

Stack Trace:
com.intuit.karate.exception.KarateException: get-business.feature:23 - path: $.data.business.name, actual: 'Garaje', expected: 'Garajehfjhsfdhk', reason: not equal
	at ✽.Then match response == (get-business.feature:23)</failure>
  </testcase>
  <testcase classname="yelp.query.get-business" name="search for burritos in Cork" time="1.072414">
    <system-out>* url host ................................................................ passed
* header Authorization = 'Bearer '+apiKey ................................. passed
Given text query = ........................................................ passed
And request { query: '#(query)' } ......................................... passed
When method post .......................................................... passed
Then status 200 ........................................................... passed
Then match response == .................................................... failed

Stack Trace:
com.intuit.karate.exception.KarateException: get-business.feature:23 - path: $.data.business.name, actual: 'Garaje', expected: 'Garajehfjhsfdhk', reason: not equal
	at ✽.Then match response == (get-business.feature:23)

* url host ................................................................ passed
* header Authorization = 'Bearer '+apiKey ................................. passed
Given text query = ........................................................ passed
And request { query: '#(query)' } ......................................... passed
When method post .......................................................... passed
Then status 200 ........................................................... passed
Then match response == .................................................... passed</system-out>
  </testcase>
  <testcase classname="yelp.query.get-business" name="test all query variables" time="0.29691">
    <system-out>* url host ................................................................ passed
* header Authorization = 'Bearer '+apiKey ................................. passed
Given text query = ........................................................ passed
And request { query: '#(query)' } ......................................... passed
When method post .......................................................... passed
Then status 200 ........................................................... passed
Then match response == .................................................... failed

Stack Trace:
com.intuit.karate.exception.KarateException: get-business.feature:23 - path: $.data.business.name, actual: 'Garaje', expected: 'Garajehfjhsfdhk', reason: not equal
	at ✽.Then match response == (get-business.feature:23)

* url host ................................................................ passed
* header Authorization = 'Bearer '+apiKey ................................. passed
Given text query = ........................................................ passed
And request { query: '#(query)' } ......................................... passed
When method post .......................................................... passed
Then status 200 ........................................................... passed
Then match response == .................................................... passed
* url host ................................................................ passed
* header Authorization = 'Bearer '+apiKey ................................. passed
Given text query = ........................................................ passed
And request { query: '#(query)' } ......................................... passed
When method post .......................................................... passed
Then status 200 ........................................................... passed
Then match response == .................................................... passed</system-out>
  </testcase>
  <testcase classname="yelp.query.get-business" name="test all query variables" time="0.262199">
    <system-out>* url host ................................................................ passed
* header Authorization = 'Bearer '+apiKey ................................. passed
Given text query = ........................................................ passed
And request { query: '#(query)' } ......................................... passed
When method post .......................................................... passed
Then status 200 ........................................................... passed
Then match response == .................................................... failed

Stack Trace:
com.intuit.karate.exception.KarateException: get-business.feature:23 - path: $.data.business.name, actual: 'Garaje', expected: 'Garajehfjhsfdhk', reason: not equal
	at ✽.Then match response == (get-business.feature:23)

* url host ................................................................ passed
* header Authorization = 'Bearer '+apiKey ................................. passed
Given text query = ........................................................ passed
And request { query: '#(query)' } ......................................... passed
When method post .......................................................... passed
Then status 200 ........................................................... passed
Then match response == .................................................... passed
* url host ................................................................ passed
* header Authorization = 'Bearer '+apiKey ................................. passed
Given text query = ........................................................ passed
And request { query: '#(query)' } ......................................... passed
When method post .......................................................... passed
Then status 200 ........................................................... passed
Then match response == .................................................... passed
* url host ................................................................ passed
* header Authorization = 'Bearer '+apiKey ................................. passed
Given text query = ........................................................ passed
And request { query: '#(query)' } ......................................... passed
When method post .......................................................... passed
Then status 200 ........................................................... passed
Then match response == .................................................... passed</system-out>
  </testcase>
  <testcase classname="yelp.query.get-business" name="test all query variables" time="0.271118">
    <system-out>* url host ................................................................ passed
* header Authorization = 'Bearer '+apiKey ................................. passed
Given text query = ........................................................ passed
And request { query: '#(query)' } ......................................... passed
When method post .......................................................... passed
Then status 200 ........................................................... passed
Then match response == .................................................... failed

Stack Trace:
com.intuit.karate.exception.KarateException: get-business.feature:23 - path: $.data.business.name, actual: 'Garaje', expected: 'Garajehfjhsfdhk', reason: not equal
	at ✽.Then match response == (get-business.feature:23)

* url host ................................................................ passed
* header Authorization = 'Bearer '+apiKey ................................. passed
Given text query = ........................................................ passed
And request { query: '#(query)' } ......................................... passed
When method post .......................................................... passed
Then status 200 ........................................................... passed
Then match response == .................................................... passed
* url host ................................................................ passed
* header Authorization = 'Bearer '+apiKey ................................. passed
Given text query = ........................................................ passed
And request { query: '#(query)' } ......................................... passed
When method post .......................................................... passed
Then status 200 ........................................................... passed
Then match response == .................................................... passed
* url host ................................................................ passed
* header Authorization = 'Bearer '+apiKey ................................. passed
Given text query = ........................................................ passed
And request { query: '#(query)' } ......................................... passed
When method post .......................................................... passed
Then status 200 ........................................................... passed
Then match response == .................................................... passed
* url host ................................................................ passed
* header Authorization = 'Bearer '+apiKey ................................. passed
Given text query = ........................................................ passed
And request { query: '#(query)' } ......................................... passed
When method post .......................................................... passed
Then status 200 ........................................................... passed
Then match response == .................................................... passed</system-out>
  </testcase>
  <testcase classname="yelp.query.get-business" name="test all query variables" time="0.253489">
    <system-out>* url host ................................................................ passed
* header Authorization = 'Bearer '+apiKey ................................. passed
Given text query = ........................................................ passed
And request { query: '#(query)' } ......................................... passed
When method post .......................................................... passed
Then status 200 ........................................................... passed
Then match response == .................................................... failed

Stack Trace:
com.intuit.karate.exception.KarateException: get-business.feature:23 - path: $.data.business.name, actual: 'Garaje', expected: 'Garajehfjhsfdhk', reason: not equal
	at ✽.Then match response == (get-business.feature:23)

* url host ................................................................ passed
* header Authorization = 'Bearer '+apiKey ................................. passed
Given text query = ........................................................ passed
And request { query: '#(query)' } ......................................... passed
When method post .......................................................... passed
Then status 200 ........................................................... passed
Then match response == .................................................... passed
* url host ................................................................ passed
* header Authorization = 'Bearer '+apiKey ................................. passed
Given text query = ........................................................ passed
And request { query: '#(query)' } ......................................... passed
When method post .......................................................... passed
Then status 200 ........................................................... passed
Then match response == .................................................... passed
* url host ................................................................ passed
* header Authorization = 'Bearer '+apiKey ................................. passed
Given text query = ........................................................ passed
And request { query: '#(query)' } ......................................... passed
When method post .......................................................... passed
Then status 200 ........................................................... passed
Then match response == .................................................... passed
* url host ................................................................ passed
* header Authorization = 'Bearer '+apiKey ................................. passed
Given text query = ........................................................ passed
And request { query: '#(query)' } ......................................... passed
When method post .......................................................... passed
Then status 200 ........................................................... passed
Then match response == .................................................... passed
* url host ................................................................ passed
* header Authorization = 'Bearer '+apiKey ................................. passed
Given text query = ........................................................ passed
And request { query: '#(query)' } ......................................... passed
When method post .......................................................... passed
Then status 200 ........................................................... passed
Then match response == .................................................... passed</system-out>
  </testcase>
</testsuite>
